<?xml version="1.0" encoding="UTF-8"?>
<!-- Generated by org.testng.reporters.JUnitXMLReporter -->
<testsuite hostname="FSSCHND13937" name="Add Bank" tests="3" failures="0" timestamp="10 May 2018 11:58:14 GMT" time="68.964" errors="0">
  <testcase name="login" time="10.715" classname="mBankingTestPages.AddBankTest"/>
  <testcase name="AddBankValid" time="47.443" classname="mBankingTestPages.AddBankTest"/>
  <testcase name="AppExit" time="10.794" classname="mBankingTestPages.AddBankTest"/>
</testsuite> <!-- Add Bank -->
