<?xml version="1.0" encoding="UTF-8"?>
<!-- Generated by org.testng.reporters.JUnitXMLReporter -->
<testsuite hostname="brantansp-PC" name="Login App" tests="37" failures="0" timestamp="17 Jun 2018 04:11:41 GMT" time="0.414" errors="0">
  <testcase name="@BeforeSuite extentReportSetUp" time="0.0" classname="mBankingTestVIJComplete.AddBankTest">
    <failure type="java.lang.NullPointerException">
      <![CDATA[java.lang.NullPointerException
	at com.google.common.base.Preconditions.checkNotNull(Preconditions.java:787)
	at org.openqa.selenium.support.ui.FluentWait.<init>(FluentWait.java:102)
	at org.openqa.selenium.support.ui.FluentWait.<init>(FluentWait.java:93)
	at mBankingBaseFactory.AppiumController.extentReportSetUp(AppiumController.java:127)
... Removed 18 stack frames]]>
    </failure>
  </testcase> <!-- @BeforeSuite extentReportSetUp -->
  <testcase name="@BeforeMethod extentbeforeMethod" time="0.0" classname="mBankingTestVIJComplete.AddBankTest">
    <skipped/>
  </testcase> <!-- @BeforeMethod extentbeforeMethod -->
  <testcase name="@AfterMethod extentGetResult" time="0.0" classname="mBankingTestVIJComplete.AddBankTest">
    <skipped/>
  </testcase> <!-- @AfterMethod extentGetResult -->
  <testcase name="@BeforeMethod extentbeforeMethod" time="0.0" classname="mBankingTestVIJComplete.AddBankTest">
    <skipped/>
  </testcase> <!-- @BeforeMethod extentbeforeMethod -->
  <testcase name="@AfterMethod extentGetResult" time="0.0" classname="mBankingTestVIJComplete.AddBankTest">
    <skipped/>
  </testcase> <!-- @AfterMethod extentGetResult -->
  <testcase name="@BeforeMethod extentbeforeMethod" time="0.0" classname="mBankingTestVIJComplete.AddBankTest">
    <skipped/>
  </testcase> <!-- @BeforeMethod extentbeforeMethod -->
  <testcase name="@AfterMethod extentGetResult" time="0.0" classname="mBankingTestVIJComplete.AddBankTest">
    <skipped/>
  </testcase> <!-- @AfterMethod extentGetResult -->
  <testcase name="@BeforeMethod extentbeforeMethod" time="0.0" classname="mBankingTestVIJComplete.AddBankTest">
    <skipped/>
  </testcase> <!-- @BeforeMethod extentbeforeMethod -->
  <testcase name="@AfterMethod extentGetResult" time="0.0" classname="mBankingTestVIJComplete.AddBankTest">
    <skipped/>
  </testcase> <!-- @AfterMethod extentGetResult -->
  <testcase name="@BeforeMethod extentbeforeMethod" time="0.0" classname="mBankingTestVIJComplete.AddBankTest">
    <skipped/>
  </testcase> <!-- @BeforeMethod extentbeforeMethod -->
  <testcase name="@AfterMethod extentGetResult" time="0.0" classname="mBankingTestVIJComplete.AddBankTest">
    <skipped/>
  </testcase> <!-- @AfterMethod extentGetResult -->
  <testcase name="@BeforeMethod extentbeforeMethod" time="0.0" classname="mBankingTestVIJComplete.AddVirtualAddrTest">
    <skipped/>
  </testcase> <!-- @BeforeMethod extentbeforeMethod -->
  <testcase name="@AfterMethod extentGetResult" time="0.0" classname="mBankingTestVIJComplete.AddVirtualAddrTest">
    <skipped/>
  </testcase> <!-- @AfterMethod extentGetResult -->
  <testcase name="@BeforeMethod extentbeforeMethod" time="0.0" classname="mBankingTestVIJComplete.ViewBalanceTest">
    <skipped/>
  </testcase> <!-- @BeforeMethod extentbeforeMethod -->
  <testcase name="@AfterMethod extentGetResult" time="0.0" classname="mBankingTestVIJComplete.ViewBalanceTest">
    <skipped/>
  </testcase> <!-- @AfterMethod extentGetResult -->
  <testcase name="@BeforeMethod extentbeforeMethod" time="0.0" classname="mBankingTestVIJComplete.ViewBalanceTest">
    <skipped/>
  </testcase> <!-- @BeforeMethod extentbeforeMethod -->
  <testcase name="@AfterMethod extentGetResult" time="0.0" classname="mBankingTestVIJComplete.ViewBalanceTest">
    <skipped/>
  </testcase> <!-- @AfterMethod extentGetResult -->
  <testcase name="@BeforeMethod extentbeforeMethod" time="0.0" classname="mBankingTestVIJComplete.ViewBalanceTest">
    <skipped/>
  </testcase> <!-- @BeforeMethod extentbeforeMethod -->
  <testcase name="@AfterMethod extentGetResult" time="0.0" classname="mBankingTestVIJComplete.ViewBalanceTest">
    <skipped/>
  </testcase> <!-- @AfterMethod extentGetResult -->
  <testcase name="@BeforeMethod extentbeforeMethod" time="0.0" classname="mBankingTestVIJComplete.CollectMoneyTest">
    <skipped/>
  </testcase> <!-- @BeforeMethod extentbeforeMethod -->
  <testcase name="@AfterMethod extentGetResult" time="0.0" classname="mBankingTestVIJComplete.CollectMoneyTest">
    <skipped/>
  </testcase> <!-- @AfterMethod extentGetResult -->
  <testcase name="@BeforeMethod extentbeforeMethod" time="0.0" classname="mBankingTestVIJComplete.CollectMoneyTest">
    <skipped/>
  </testcase> <!-- @BeforeMethod extentbeforeMethod -->
  <testcase name="@AfterMethod extentGetResult" time="0.0" classname="mBankingTestVIJComplete.CollectMoneyTest">
    <skipped/>
  </testcase> <!-- @AfterMethod extentGetResult -->
  <testcase name="@BeforeMethod extentbeforeMethod" time="0.0" classname="mBankingTestVIJComplete.CollectMoneyTest">
    <skipped/>
  </testcase> <!-- @BeforeMethod extentbeforeMethod -->
  <testcase name="@AfterMethod extentGetResult" time="0.0" classname="mBankingTestVIJComplete.CollectMoneyTest">
    <skipped/>
  </testcase> <!-- @AfterMethod extentGetResult -->
  <testcase name="@BeforeMethod extentbeforeMethod" time="0.0" classname="mBankingTestVIJComplete.PendingApprovalTest">
    <skipped/>
  </testcase> <!-- @BeforeMethod extentbeforeMethod -->
  <testcase name="@AfterMethod extentGetResult" time="0.0" classname="mBankingTestVIJComplete.PendingApprovalTest">
    <skipped/>
  </testcase> <!-- @AfterMethod extentGetResult -->
  <testcase name="@BeforeMethod extentbeforeMethod" time="0.0" classname="mBankingTestVIJComplete.PendingApprovalTest">
    <skipped/>
  </testcase> <!-- @BeforeMethod extentbeforeMethod -->
  <testcase name="@AfterMethod extentGetResult" time="0.0" classname="mBankingTestVIJComplete.PendingApprovalTest">
    <skipped/>
  </testcase> <!-- @AfterMethod extentGetResult -->
  <testcase name="@BeforeMethod extentbeforeMethod" time="0.0" classname="mBankingTestVIJComplete.PendingApprovalTest">
    <skipped/>
  </testcase> <!-- @BeforeMethod extentbeforeMethod -->
  <testcase name="@AfterMethod extentGetResult" time="0.0" classname="mBankingTestVIJComplete.PendingApprovalTest">
    <skipped/>
  </testcase> <!-- @AfterMethod extentGetResult -->
  <testcase name="@BeforeMethod extentbeforeMethod" time="0.0" classname="mBankingTestVIJComplete.PayMoneyTest">
    <skipped/>
  </testcase> <!-- @BeforeMethod extentbeforeMethod -->
  <testcase name="@AfterMethod extentGetResult" time="0.0" classname="mBankingTestVIJComplete.PayMoneyTest">
    <skipped/>
  </testcase> <!-- @AfterMethod extentGetResult -->
  <testcase name="@BeforeMethod extentbeforeMethod" time="0.0" classname="mBankingTestVIJComplete.ParticipantsTest">
    <skipped/>
  </testcase> <!-- @BeforeMethod extentbeforeMethod -->
  <testcase name="@AfterMethod extentGetResult" time="0.0" classname="mBankingTestVIJComplete.ParticipantsTest">
    <skipped/>
  </testcase> <!-- @AfterMethod extentGetResult -->
  <testcase name="@BeforeMethod extentbeforeMethod" time="0.0" classname="mBankingTestVIJComplete.ParticipantsTest">
    <skipped/>
  </testcase> <!-- @BeforeMethod extentbeforeMethod -->
  <testcase name="@AfterMethod extentGetResult" time="0.0" classname="mBankingTestVIJComplete.ParticipantsTest">
    <skipped/>
  </testcase> <!-- @AfterMethod extentGetResult -->
  <testcase name="@BeforeMethod extentbeforeMethod" time="0.0" classname="mBankingTestVIJComplete.ParticipantsTest">
    <skipped/>
  </testcase> <!-- @BeforeMethod extentbeforeMethod -->
  <testcase name="@AfterMethod extentGetResult" time="0.0" classname="mBankingTestVIJComplete.ParticipantsTest">
    <skipped/>
  </testcase> <!-- @AfterMethod extentGetResult -->
  <testcase name="@BeforeMethod extentbeforeMethod" time="0.0" classname="mBankingTestVIJComplete.ParticipantsTest">
    <skipped/>
  </testcase> <!-- @BeforeMethod extentbeforeMethod -->
  <testcase name="@AfterMethod extentGetResult" time="0.0" classname="mBankingTestVIJComplete.ParticipantsTest">
    <skipped/>
  </testcase> <!-- @AfterMethod extentGetResult -->
  <testcase name="@BeforeMethod extentbeforeMethod" time="0.0" classname="mBankingTestVIJComplete.ParticipantsTest">
    <skipped/>
  </testcase> <!-- @BeforeMethod extentbeforeMethod -->
  <testcase name="@AfterMethod extentGetResult" time="0.0" classname="mBankingTestVIJComplete.ParticipantsTest">
    <skipped/>
  </testcase> <!-- @AfterMethod extentGetResult -->
  <testcase name="@BeforeMethod extentbeforeMethod" time="0.0" classname="mBankingTestVIJComplete.ParticipantsTest">
    <skipped/>
  </testcase> <!-- @BeforeMethod extentbeforeMethod -->
  <testcase name="@AfterMethod extentGetResult" time="0.0" classname="mBankingTestVIJComplete.ParticipantsTest">
    <skipped/>
  </testcase> <!-- @AfterMethod extentGetResult -->
  <testcase name="@BeforeMethod extentbeforeMethod" time="0.0" classname="mBankingTestVIJComplete.MenuDrawerOptionsTest">
    <skipped/>
  </testcase> <!-- @BeforeMethod extentbeforeMethod -->
  <testcase name="@AfterMethod extentGetResult" time="0.0" classname="mBankingTestVIJComplete.MenuDrawerOptionsTest">
    <skipped/>
  </testcase> <!-- @AfterMethod extentGetResult -->
  <testcase name="@BeforeMethod extentbeforeMethod" time="0.0" classname="mBankingTestVIJComplete.MenuDrawerOptionsTest">
    <skipped/>
  </testcase> <!-- @BeforeMethod extentbeforeMethod -->
  <testcase name="@AfterMethod extentGetResult" time="0.0" classname="mBankingTestVIJComplete.MenuDrawerOptionsTest">
    <skipped/>
  </testcase> <!-- @AfterMethod extentGetResult -->
  <testcase name="@BeforeMethod extentbeforeMethod" time="0.0" classname="mBankingTestVIJComplete.MenuDrawerOptionsTest">
    <skipped/>
  </testcase> <!-- @BeforeMethod extentbeforeMethod -->
  <testcase name="@AfterMethod extentGetResult" time="0.0" classname="mBankingTestVIJComplete.MenuDrawerOptionsTest">
    <skipped/>
  </testcase> <!-- @AfterMethod extentGetResult -->
  <testcase name="@BeforeMethod extentbeforeMethod" time="0.0" classname="mBankingTestVIJComplete.MenuDrawerOptionsTest">
    <skipped/>
  </testcase> <!-- @BeforeMethod extentbeforeMethod -->
  <testcase name="@AfterMethod extentGetResult" time="0.0" classname="mBankingTestVIJComplete.MenuDrawerOptionsTest">
    <skipped/>
  </testcase> <!-- @AfterMethod extentGetResult -->
  <testcase name="@BeforeMethod extentbeforeMethod" time="0.0" classname="mBankingTestVIJComplete.TxnStatusTest">
    <skipped/>
  </testcase> <!-- @BeforeMethod extentbeforeMethod -->
  <testcase name="@AfterMethod extentGetResult" time="0.0" classname="mBankingTestVIJComplete.TxnStatusTest">
    <skipped/>
  </testcase> <!-- @AfterMethod extentGetResult -->
  <testcase name="@BeforeMethod extentbeforeMethod" time="0.0" classname="mBankingTestVIJComplete.SetUPIPINTest">
    <skipped/>
  </testcase> <!-- @BeforeMethod extentbeforeMethod -->
  <testcase name="@AfterMethod extentGetResult" time="0.0" classname="mBankingTestVIJComplete.SetUPIPINTest">
    <skipped/>
  </testcase> <!-- @AfterMethod extentGetResult -->
  <testcase name="@BeforeMethod extentbeforeMethod" time="0.0" classname="mBankingTestVIJComplete.ChangePinTest">
    <skipped/>
  </testcase> <!-- @BeforeMethod extentbeforeMethod -->
  <testcase name="@AfterMethod extentGetResult" time="0.0" classname="mBankingTestVIJComplete.ChangePinTest">
    <skipped/>
  </testcase> <!-- @AfterMethod extentGetResult -->
  <testcase name="@BeforeMethod extentbeforeMethod" time="0.0" classname="mBankingTestVIJComplete.ChangePinTest">
    <skipped/>
  </testcase> <!-- @BeforeMethod extentbeforeMethod -->
  <testcase name="@AfterMethod extentGetResult" time="0.0" classname="mBankingTestVIJComplete.ChangePinTest">
    <skipped/>
  </testcase> <!-- @AfterMethod extentGetResult -->
  <testcase name="@BeforeMethod extentbeforeMethod" time="0.0" classname="mBankingTestVIJComplete.ChangePinTest">
    <skipped/>
  </testcase> <!-- @BeforeMethod extentbeforeMethod -->
  <testcase name="@AfterMethod extentGetResult" time="0.0" classname="mBankingTestVIJComplete.ChangePinTest">
    <skipped/>
  </testcase> <!-- @AfterMethod extentGetResult -->
  <testcase name="@BeforeMethod extentbeforeMethod" time="0.0" classname="mBankingTestVIJComplete.ChangePinTest">
    <skipped/>
  </testcase> <!-- @BeforeMethod extentbeforeMethod -->
  <testcase name="@AfterMethod extentGetResult" time="0.0" classname="mBankingTestVIJComplete.ChangePinTest">
    <skipped/>
  </testcase> <!-- @AfterMethod extentGetResult -->
  <testcase name="@BeforeMethod extentbeforeMethod" time="0.0" classname="mBankingTestVIJComplete.ManageAcTest">
    <skipped/>
  </testcase> <!-- @BeforeMethod extentbeforeMethod -->
  <testcase name="@AfterMethod extentGetResult" time="0.0" classname="mBankingTestVIJComplete.ManageAcTest">
    <skipped/>
  </testcase> <!-- @AfterMethod extentGetResult -->
  <testcase name="@BeforeMethod extentbeforeMethod" time="0.0" classname="mBankingTestVIJComplete.ManageAcTest">
    <skipped/>
  </testcase> <!-- @BeforeMethod extentbeforeMethod -->
  <testcase name="@AfterMethod extentGetResult" time="0.0" classname="mBankingTestVIJComplete.ManageAcTest">
    <skipped/>
  </testcase> <!-- @AfterMethod extentGetResult -->
  <testcase name="@BeforeMethod extentbeforeMethod" time="0.0" classname="mBankingTestVIJComplete.ManageAcTest">
    <skipped/>
  </testcase> <!-- @BeforeMethod extentbeforeMethod -->
  <testcase name="@AfterMethod extentGetResult" time="0.0" classname="mBankingTestVIJComplete.ManageAcTest">
    <skipped/>
  </testcase> <!-- @AfterMethod extentGetResult -->
  <testcase name="@BeforeMethod extentbeforeMethod" time="0.0" classname="mBankingTestVIJComplete.ManageAcTest">
    <skipped/>
  </testcase> <!-- @BeforeMethod extentbeforeMethod -->
  <testcase name="@AfterMethod extentGetResult" time="0.0" classname="mBankingTestVIJComplete.ManageAcTest">
    <skipped/>
  </testcase> <!-- @AfterMethod extentGetResult -->
  <testcase name="AddbankOnly" time="0.001" classname="mBankingTestVIJComplete.AddBankTest">
    <skipped/>
  </testcase> <!-- AddbankOnly -->
  <testcase name="AddbankCreateVpaOnly" time="0.001" classname="mBankingTestVIJComplete.AddBankTest">
    <skipped/>
  </testcase> <!-- AddbankCreateVpaOnly -->
  <testcase name="AddBankCreateVpaSetPin" time="0.001" classname="mBankingTestVIJComplete.AddBankTest">
    <skipped/>
  </testcase> <!-- AddBankCreateVpaSetPin -->
  <testcase name="AddBankAccNotExists" time="0.001" classname="mBankingTestVIJComplete.AddBankTest">
    <skipped/>
  </testcase> <!-- AddBankAccNotExists -->
  <testcase name="AddbankCreateVpaOnlyOtherBank" time="0.002" classname="mBankingTestVIJComplete.AddBankTest">
    <skipped/>
  </testcase> <!-- AddbankCreateVpaOnlyOtherBank -->
  <testcase name="addVirAddressValid" time="0.001" classname="mBankingTestVIJComplete.AddVirtualAddrTest">
    <skipped/>
  </testcase> <!-- addVirAddressValid -->
  <testcase name="addAlreadyAddedVirAddress" time="0.0" classname="mBankingTestVIJComplete.AddVirtualAddrTest">
    <skipped/>
  </testcase> <!-- addAlreadyAddedVirAddress -->
  <testcase name="BalanceEnquiryValid" time="0.001" classname="mBankingTestVIJComplete.ViewBalanceTest">
    <skipped/>
  </testcase> <!-- BalanceEnquiryValid -->
  <testcase name="BalanceEnquiryInValidNPCIPin" time="0.001" classname="mBankingTestVIJComplete.ViewBalanceTest">
    <skipped/>
  </testcase> <!-- BalanceEnquiryInValidNPCIPin -->
  <testcase name="BalanceEnquiryPinNotConfigured" time="0.001" classname="mBankingTestVIJComplete.ViewBalanceTest">
    <skipped/>
  </testcase> <!-- BalanceEnquiryPinNotConfigured -->
  <testcase name="CollectMoneyVir1" time="0.001" classname="mBankingTestVIJComplete.CollectMoneyTest">
    <skipped/>
  </testcase> <!-- CollectMoneyVir1 -->
  <testcase name="CollectMoneyVir2" time="0.001" classname="mBankingTestVIJComplete.CollectMoneyTest">
    <skipped/>
  </testcase> <!-- CollectMoneyVir2 -->
  <testcase name="CollectMoneyVir3" time="0.001" classname="mBankingTestVIJComplete.CollectMoneyTest">
    <skipped/>
  </testcase> <!-- CollectMoneyVir3 -->
  <testcase name="pendingApprovalDefer" time="0.001" classname="mBankingTestVIJComplete.PendingApprovalTest">
    <skipped/>
  </testcase> <!-- pendingApprovalDefer -->
  <testcase name="pendingApprovalDecline" time="0.001" classname="mBankingTestVIJComplete.PendingApprovalTest">
    <skipped/>
  </testcase> <!-- pendingApprovalDecline -->
  <testcase name="pendingApprovalApprove" time="0.001" classname="mBankingTestVIJComplete.PendingApprovalTest">
    <skipped/>
  </testcase> <!-- pendingApprovalApprove -->
  <testcase name="PayMoneyAad" time="0.001" classname="mBankingTestVIJComplete.PayMoneyTest">
    <skipped/>
  </testcase> <!-- PayMoneyAad -->
  <testcase name="viewParticipantsVirAdd" time="0.0" classname="mBankingTestVIJComplete.ParticipantsTest">
    <skipped/>
  </testcase> <!-- viewParticipantsVirAdd -->
  <testcase name="viewParticipantsAcIfsc" time="0.003" classname="mBankingTestVIJComplete.ParticipantsTest">
    <skipped/>
  </testcase> <!-- viewParticipantsAcIfsc -->
  <testcase name="viewParticipantsAadNum" time="0.001" classname="mBankingTestVIJComplete.ParticipantsTest">
    <skipped/>
  </testcase> <!-- viewParticipantsAadNum -->
  <testcase name="addParticipantsVirNo" time="0.001" classname="mBankingTestVIJComplete.ParticipantsTest">
    <skipped/>
  </testcase> <!-- addParticipantsVirNo -->
  <testcase name="addParticipantsAccNo" time="0.0" classname="mBankingTestVIJComplete.ParticipantsTest">
    <skipped/>
  </testcase> <!-- addParticipantsAccNo -->
  <testcase name="addParticipantsAadNo" time="0.002" classname="mBankingTestVIJComplete.ParticipantsTest">
    <skipped/>
  </testcase> <!-- addParticipantsAadNo -->
  <testcase name="termsAndCondition" time="0.001" classname="mBankingTestVIJComplete.MenuDrawerOptionsTest">
    <skipped/>
  </testcase> <!-- termsAndCondition -->
  <testcase name="reportSpamBlock" time="0.002" classname="mBankingTestVIJComplete.MenuDrawerOptionsTest">
    <skipped/>
  </testcase> <!-- reportSpamBlock -->
  <testcase name="reportSpamUnBlock" time="0.001" classname="mBankingTestVIJComplete.MenuDrawerOptionsTest">
    <skipped/>
  </testcase> <!-- reportSpamUnBlock -->
  <testcase name="complaintStatus" time="0.001" classname="mBankingTestVIJComplete.MenuDrawerOptionsTest">
    <skipped/>
  </testcase> <!-- complaintStatus -->
  <testcase name="txnStatus" time="0.001" classname="mBankingTestVIJComplete.TxnStatusTest">
    <skipped/>
  </testcase> <!-- txnStatus -->
  <testcase name="setUPIPIN" time="0.001" classname="mBankingTestVIJComplete.SetUPIPINTest">
    <skipped/>
  </testcase> <!-- setUPIPIN -->
  <testcase name="ChangePINWhenVPANotCreated" time="0.001" classname="mBankingTestVIJComplete.ChangePinTest">
    <skipped/>
  </testcase> <!-- ChangePINWhenVPANotCreated -->
  <testcase name="ChangePinWhenUPIPinNotAvailable" time="0.006" classname="mBankingTestVIJComplete.ChangePinTest">
    <skipped/>
  </testcase> <!-- ChangePinWhenUPIPinNotAvailable -->
  <testcase name="ChangePinInvalidNPCIPIN" time="0.002" classname="mBankingTestVIJComplete.ChangePinTest">
    <skipped/>
  </testcase> <!-- ChangePinInvalidNPCIPIN -->
  <testcase name="ChangePinValid" time="0.002" classname="mBankingTestVIJComplete.ChangePinTest">
    <skipped/>
  </testcase> <!-- ChangePinValid -->
  <testcase name="generateQRforVirAdd" time="0.001" classname="mBankingTestVIJComplete.ManageAcTest">
    <skipped/>
  </testcase> <!-- generateQRforVirAdd -->
  <testcase name="editVirAddress" time="0.001" classname="mBankingTestVIJComplete.ManageAcTest">
    <skipped/>
  </testcase> <!-- editVirAddress -->
  <testcase name="deleteVirAddress" time="0.001" classname="mBankingTestVIJComplete.ManageAcTest">
    <skipped/>
  </testcase> <!-- deleteVirAddress -->
  <testcase name="deleteBankAccount" time="0.001" classname="mBankingTestVIJComplete.ManageAcTest">
    <skipped/>
  </testcase> <!-- deleteBankAccount -->
</testsuite> <!-- Login App -->
