<?xml version="1.0" encoding="UTF-8"?>
<!-- Generated by org.testng.reporters.JUnitXMLReporter -->
<testsuite hostname="FSSCHND13937" name="Login App" tests="6" failures="1" timestamp="6 Jun 2018 04:48:01 GMT" time="0.037" errors="0">
  <testcase name="check" time="0.012" classname="test.Test2">
    <skipped/>
  </testcase> <!-- check -->
  <testcase name="check" time="0.001" classname="test.Test2">
    <skipped/>
  </testcase> <!-- check -->
  <testcase name="check" time="0.001" classname="test.Test2">
    <skipped/>
  </testcase> <!-- check -->
  <testcase name="check" time="0.0" classname="test.Test2">
    <skipped/>
  </testcase> <!-- check -->
  <testcase name="check" time="0.001" classname="test.Test2">
    <skipped/>
  </testcase> <!-- check -->
  <testcase name="check" time="0.001" classname="test.Test2">
    <failure type="java.lang.AssertionError" message="expected [true] but found [false]">
      <![CDATA[java.lang.AssertionError: expected [true] but found [false]
	at test.Test2.check(Test2.java:54)
... Removed 28 stack frames]]>
    </failure>
  </testcase> <!-- check -->
</testsuite> <!-- Login App -->
