<?xml version="1.0" encoding="UTF-8"?>
<!-- Generated by org.testng.reporters.JUnitXMLReporter -->
<testsuite hostname="FSSCHND13937" name="Set UPI PIN" tests="1" failures="0" timestamp="9 May 2018 13:10:47 GMT" time="0.004" errors="0">
  <testcase name="@BeforeTest appStart" time="0.0" classname="mBankingTestPages.SetUPIPINTest">
    <failure type="java.lang.NoClassDefFoundError" message="Could not initialize class net.sf.cglib.proxy.Enhancer">
      <![CDATA[java.lang.NoClassDefFoundError: Could not initialize class net.sf.cglib.proxy.Enhancer
	at io.appium.java_client.pagefactory.utils.ProxyFactory.getEnhancedProxy(ProxyFactory.java:53)
	at io.appium.java_client.pagefactory.utils.ProxyFactory.getEnhancedProxy(ProxyFactory.java:34)
	at io.appium.java_client.pagefactory.AppiumFieldDecorator.proxyForAnElement(AppiumFieldDecorator.java:248)
	at io.appium.java_client.pagefactory.AppiumFieldDecorator.access$0(AppiumFieldDecorator.java:246)
	at io.appium.java_client.pagefactory.AppiumFieldDecorator$3.proxyForLocator(AppiumFieldDecorator.java:121)
	at org.openqa.selenium.support.pagefactory.DefaultFieldDecorator.decorate(DefaultFieldDecorator.java:62)
	at io.appium.java_client.pagefactory.AppiumFieldDecorator.decorate(AppiumFieldDecorator.java:172)
	at org.openqa.selenium.support.PageFactory.proxyFields(PageFactory.java:113)
	at org.openqa.selenium.support.PageFactory.initElements(PageFactory.java:105)
	at mBankingPageObjectFactory.LoginPage.<init>(LoginPage.java:51)
	at mBankingBaseFactory.AppiumController.appStart(AppiumController.java:120)
... Removed 22 stack frames]]>
    </failure>
  </testcase> <!-- @BeforeTest appStart -->
  <testcase name="@BeforeMethod extentbeforeMethod" time="0.0" classname="mBankingTestPages.SetUPIPINTest">
    <skipped/>
  </testcase> <!-- @BeforeMethod extentbeforeMethod -->
  <testcase name="@AfterMethod extentGetResult" time="0.0" classname="mBankingTestPages.SetUPIPINTest">
    <skipped/>
  </testcase> <!-- @AfterMethod extentGetResult -->
  <testcase name="@AfterTest appExit" time="0.0" classname="mBankingTestPages.SetUPIPINTest">
    <skipped/>
  </testcase> <!-- @AfterTest appExit -->
  <testcase name="setUPIPIN" time="0.0" classname="mBankingTestPages.SetUPIPINTest">
    <skipped/>
  </testcase> <!-- setUPIPIN -->
</testsuite> <!-- Set UPI PIN -->
