<?xml version="1.0" encoding="UTF-8"?>
<testng-results skipped="0" failed="1" total="1" passed="0">
  <reporter-output>
  </reporter-output>
  <suite name="Default suite" duration-ms="37735" started-at="2018-06-14T12:54:18Z" finished-at="2018-06-14T12:54:55Z">
    <groups>
    </groups>
    <test name="Default test" duration-ms="37735" started-at="2018-06-14T12:54:18Z" finished-at="2018-06-14T12:54:55Z">
      <class name="mBankingTestVIJComplete.PayMoneyTest">
        <test-method status="PASS" signature="extentReportSetUp()[pri:0, instance:mBankingTestVIJComplete.PayMoneyTest@2bba4f]" name="extentReportSetUp" is-config="true" duration-ms="29535" started-at="2018-06-14T18:23:48Z" finished-at="2018-06-14T18:24:18Z">
          <reporter-output>
          </reporter-output>
        </test-method> <!-- extentReportSetUp -->
        <test-method status="PASS" signature="extentbeforeMethod(java.lang.reflect.Method)[pri:0, instance:mBankingTestVIJComplete.PayMoneyTest@2bba4f]" name="extentbeforeMethod" is-config="true" duration-ms="12416" started-at="2018-06-14T18:24:18Z" finished-at="2018-06-14T18:24:30Z">
          <params>
            <param index="0">
              <value>
                <![CDATA[public void mBankingTestVIJComplete.PayMoneyTest.PayMoneyAad() throws java.lang.InterruptedException]]>
              </value>
            </param>
          </params>
          <reporter-output>
          </reporter-output>
        </test-method> <!-- extentbeforeMethod -->
        <test-method status="FAIL" signature="PayMoneyAad()[pri:2, instance:mBankingTestVIJComplete.PayMoneyTest@2bba4f]" name="PayMoneyAad" duration-ms="22266" started-at="2018-06-14T18:24:30Z" finished-at="2018-06-14T18:24:52Z">
          <exception class="org.openqa.selenium.InvalidSelectorException">
            <message>
              <![CDATA[Argument was an invalid selector (e.g. XPath/CSS). (WARNING: The server did not provide any stacktrace information)
Command duration or timeout: 25 milliseconds
For documentation on this error, please visit: http://seleniumhq.org/exceptions/invalid_selector_exception.html
Build info: version: '2.53.1', revision: 'a36b8b1cd5757287168e54b817830adce9b0158d', time: '2016-06-30 19:26:09'
System info: host: 'FSSCHND13937', ip: '10.44.71.115', os.name: 'Windows 7', os.arch: 'x86', os.version: '6.1', java.version: '1.8.0_144'
Driver info: io.appium.java_client.android.AndroidDriver
Capabilities [{appPackage=com.fss.vijayapsp, deviceScreenSize=1080x1920, networkConnectionEnabled=true, orientation=null, noReset=true, warnings={}, disableAndroidWatchers=true, databaseEnabled=false, deviceName=HKE7YGUA, ignoreUnimportantViews=true, platform=LINUX, deviceUDID=HKE7YGUA, appActivity=com.fss.controller.MainActivity, desired={appPackage=com.fss.vijayapsp, appActivity=com.fss.controller.MainActivity, orientation=null, noReset=true, newCommandTimeout=9000, platformVersion=7.1.2, disableAndroidWatchers=true, platformName=Android, udid=HKE7YGUA, deviceName=e3a9c5b6, ignoreUnimportantViews=true}, newCommandTimeout=9000, platformVersion=7.1.1, webStorageEnabled=false, locationContextEnabled=false, takesScreenshot=true, javascriptEnabled=true, deviceModel=Lenovo K8 Plus, platformName=Android, udid=HKE7YGUA, deviceManufacturer=LENOVO}]
Session ID: 07841103-7fa6-4356-8331-3a36b111d1b1
*** Element info: {Using=xpath, value=//android.widget.EditText[@text='Yes Bank'}]]>
            </message>
            <full-stacktrace>
              <![CDATA[org.openqa.selenium.InvalidSelectorException: Argument was an invalid selector (e.g. XPath/CSS). (WARNING: The server did not provide any stacktrace information)
Command duration or timeout: 25 milliseconds
For documentation on this error, please visit: http://seleniumhq.org/exceptions/invalid_selector_exception.html
Build info: version: '2.53.1', revision: 'a36b8b1cd5757287168e54b817830adce9b0158d', time: '2016-06-30 19:26:09'
System info: host: 'FSSCHND13937', ip: '10.44.71.115', os.name: 'Windows 7', os.arch: 'x86', os.version: '6.1', java.version: '1.8.0_144'
Driver info: io.appium.java_client.android.AndroidDriver
Capabilities [{appPackage=com.fss.vijayapsp, deviceScreenSize=1080x1920, networkConnectionEnabled=true, orientation=null, noReset=true, warnings={}, disableAndroidWatchers=true, databaseEnabled=false, deviceName=HKE7YGUA, ignoreUnimportantViews=true, platform=LINUX, deviceUDID=HKE7YGUA, appActivity=com.fss.controller.MainActivity, desired={appPackage=com.fss.vijayapsp, appActivity=com.fss.controller.MainActivity, orientation=null, noReset=true, newCommandTimeout=9000, platformVersion=7.1.2, disableAndroidWatchers=true, platformName=Android, udid=HKE7YGUA, deviceName=e3a9c5b6, ignoreUnimportantViews=true}, newCommandTimeout=9000, platformVersion=7.1.1, webStorageEnabled=false, locationContextEnabled=false, takesScreenshot=true, javascriptEnabled=true, deviceModel=Lenovo K8 Plus, platformName=Android, udid=HKE7YGUA, deviceManufacturer=LENOVO}]
Session ID: 07841103-7fa6-4356-8331-3a36b111d1b1
*** Element info: {Using=xpath, value=//android.widget.EditText[@text='Yes Bank'}
	at sun.reflect.NativeConstructorAccessorImpl.newInstance0(Native Method)
	at sun.reflect.NativeConstructorAccessorImpl.newInstance(Unknown Source)
	at sun.reflect.DelegatingConstructorAccessorImpl.newInstance(Unknown Source)
	at java.lang.reflect.Constructor.newInstance(Unknown Source)
	at org.openqa.selenium.remote.ErrorHandler.createThrowable(ErrorHandler.java:206)
	at org.openqa.selenium.remote.ErrorHandler.throwIfResponseFailed(ErrorHandler.java:158)
	at org.openqa.selenium.remote.RemoteWebDriver.execute(RemoteWebDriver.java:678)
	at io.appium.java_client.DefaultGenericMobileDriver.execute(DefaultGenericMobileDriver.java:40)
	at io.appium.java_client.AppiumDriver.execute(AppiumDriver.java:1)
	at io.appium.java_client.android.AndroidDriver.execute(AndroidDriver.java:1)
	at org.openqa.selenium.remote.RemoteWebDriver.findElement(RemoteWebDriver.java:363)
	at io.appium.java_client.DefaultGenericMobileDriver.findElement(DefaultGenericMobileDriver.java:56)
	at io.appium.java_client.AppiumDriver.findElement(AppiumDriver.java:1)
	at io.appium.java_client.android.AndroidDriver.findElement(AndroidDriver.java:1)
	at org.openqa.selenium.remote.RemoteWebDriver.findElementByXPath(RemoteWebDriver.java:500)
	at io.appium.java_client.DefaultGenericMobileDriver.findElementByXPath(DefaultGenericMobileDriver.java:134)
	at io.appium.java_client.AppiumDriver.findElementByXPath(AppiumDriver.java:1)
	at io.appium.java_client.android.AndroidDriver.findElementByXPath(AndroidDriver.java:1)
	at org.openqa.selenium.By$ByXPath.findElement(By.java:361)
	at org.openqa.selenium.remote.RemoteWebDriver.findElement(RemoteWebDriver.java:355)
	at io.appium.java_client.DefaultGenericMobileDriver.findElement(DefaultGenericMobileDriver.java:52)
	at io.appium.java_client.AppiumDriver.findElement(AppiumDriver.java:1)
	at io.appium.java_client.android.AndroidDriver.findElement(AndroidDriver.java:1)
	at mBankingTestVIJComplete.PayMoneyTest.PayMoneyAad(PayMoneyTest.java:101)
	at sun.reflect.NativeMethodAccessorImpl.invoke0(Native Method)
	at sun.reflect.NativeMethodAccessorImpl.invoke(Unknown Source)
	at sun.reflect.DelegatingMethodAccessorImpl.invoke(Unknown Source)
	at java.lang.reflect.Method.invoke(Unknown Source)
	at org.testng.internal.MethodInvocationHelper.invokeMethod(MethodInvocationHelper.java:86)
	at org.testng.internal.Invoker.invokeMethod(Invoker.java:643)
	at org.testng.internal.Invoker.invokeTestMethod(Invoker.java:820)
	at org.testng.internal.Invoker.invokeTestMethods(Invoker.java:1128)
	at org.testng.internal.TestMethodWorker.invokeTestMethods(TestMethodWorker.java:129)
	at org.testng.internal.TestMethodWorker.run(TestMethodWorker.java:112)
	at org.testng.TestRunner.privateRun(TestRunner.java:782)
	at org.testng.TestRunner.run(TestRunner.java:632)
	at org.testng.SuiteRunner.runTest(SuiteRunner.java:366)
	at org.testng.SuiteRunner.runSequentially(SuiteRunner.java:361)
	at org.testng.SuiteRunner.privateRun(SuiteRunner.java:319)
	at org.testng.SuiteRunner.run(SuiteRunner.java:268)
	at org.testng.SuiteRunnerWorker.runSuite(SuiteRunnerWorker.java:52)
	at org.testng.SuiteRunnerWorker.run(SuiteRunnerWorker.java:86)
	at org.testng.TestNG.runSuitesSequentially(TestNG.java:1244)
	at org.testng.TestNG.runSuitesLocally(TestNG.java:1169)
	at org.testng.TestNG.run(TestNG.java:1064)
	at org.testng.remote.AbstractRemoteTestNG.run(AbstractRemoteTestNG.java:114)
	at org.testng.remote.RemoteTestNG.initAndRun(RemoteTestNG.java:251)
	at org.testng.remote.RemoteTestNG.main(RemoteTestNG.java:77)
]]>
            </full-stacktrace>
          </exception> <!-- org.openqa.selenium.InvalidSelectorException -->
          <reporter-output>
          </reporter-output>
        </test-method> <!-- PayMoneyAad -->
        <test-method status="PASS" signature="extentGetResult(org.testng.ITestResult)[pri:0, instance:mBankingTestVIJComplete.PayMoneyTest@2bba4f]" name="extentGetResult" is-config="true" duration-ms="3016" started-at="2018-06-14T18:24:52Z" finished-at="2018-06-14T18:24:55Z">
          <params>
            <param index="0">
              <value>
                <![CDATA[[TestResult name=PayMoneyAad status=FAILURE method=PayMoneyTest.PayMoneyAad()[pri:2, instance:mBankingTestVIJComplete.PayMoneyTest@2bba4f] output={null}]]]>
              </value>
            </param>
          </params>
          <reporter-output>
          </reporter-output>
        </test-method> <!-- extentGetResult -->
        <test-method status="PASS" signature="tearDown()[pri:0, instance:mBankingTestVIJComplete.PayMoneyTest@2bba4f]" name="tearDown" is-config="true" duration-ms="192" started-at="2018-06-14T18:24:55Z" finished-at="2018-06-14T18:24:56Z">
          <reporter-output>
          </reporter-output>
        </test-method> <!-- tearDown -->
      </class> <!-- mBankingTestVIJComplete.PayMoneyTest -->
    </test> <!-- Default test -->
  </suite> <!-- Default suite -->
</testng-results>
