<?xml version="1.0" encoding="UTF-8"?>
<testng-results skipped="0" failed="1" total="1" passed="0">
  <reporter-output>
  </reporter-output>
  <suite name="Default suite" duration-ms="50752" started-at="2018-05-09T13:33:55Z" finished-at="2018-05-09T13:34:45Z">
    <groups>
    </groups>
    <test name="Default test" duration-ms="50752" started-at="2018-05-09T13:33:55Z" finished-at="2018-05-09T13:34:45Z">
      <class name="mBankingTestPages.AddBankTest">
        <test-method status="PASS" signature="extentReportSetUp()[pri:0, instance:mBankingTestPages.AddBankTest@129cf23]" name="extentReportSetUp" is-config="true" duration-ms="28289" started-at="2018-05-09T19:03:26Z" finished-at="2018-05-09T19:03:55Z">
          <reporter-output>
          </reporter-output>
        </test-method> <!-- extentReportSetUp -->
        <test-method status="PASS" signature="appStart()[pri:0, instance:mBankingTestPages.AddBankTest@129cf23]" name="appStart" is-config="true" duration-ms="11524" started-at="2018-05-09T19:03:55Z" finished-at="2018-05-09T19:04:06Z">
          <reporter-output>
          </reporter-output>
        </test-method> <!-- appStart -->
        <test-method status="PASS" signature="extentbeforeMethod(java.lang.reflect.Method)[pri:0, instance:mBankingTestPages.AddBankTest@129cf23]" name="extentbeforeMethod" is-config="true" duration-ms="9" started-at="2018-05-09T19:04:06Z" finished-at="2018-05-09T19:04:06Z">
          <params>
            <param index="0">
              <value>
                <![CDATA[public void mBankingTestPages.AddBankTest.AddBankValid() throws java.lang.InterruptedException]]>
              </value>
            </param>
          </params>
          <reporter-output>
          </reporter-output>
        </test-method> <!-- extentbeforeMethod -->
        <test-method status="FAIL" signature="AddBankValid()[pri:3, instance:mBankingTestPages.AddBankTest@129cf23]" name="AddBankValid" duration-ms="33278" started-at="2018-05-09T19:04:06Z" finished-at="2018-05-09T19:04:39Z">
          <exception class="org.openqa.selenium.NoSuchElementException">
            <message>
              <![CDATA[Can't locate an element by this strategy: Locator map: 
- native content: "By.xpath: //*[@class='android.widget.EditText']" 
- html content: "by id or name "loginBox""
For documentation on this error, please visit: http://seleniumhq.org/exceptions/no_such_element.html
Build info: version: '2.53.1', revision: 'a36b8b1cd5757287168e54b817830adce9b0158d', time: '2016-06-30 19:26:09'
System info: host: 'FSSCHND13937', ip: '10.44.71.115', os.name: 'Windows 7', os.arch: 'x86', os.version: '6.1', java.version: '1.8.0_144'
Driver info: driver.version: unknown]]>
            </message>
            <full-stacktrace>
              <![CDATA[org.openqa.selenium.NoSuchElementException: Can't locate an element by this strategy: Locator map: 
- native content: "By.xpath: //*[@class='android.widget.EditText']" 
- html content: "by id or name "loginBox""
For documentation on this error, please visit: http://seleniumhq.org/exceptions/no_such_element.html
Build info: version: '2.53.1', revision: 'a36b8b1cd5757287168e54b817830adce9b0158d', time: '2016-06-30 19:26:09'
System info: host: 'FSSCHND13937', ip: '10.44.71.115', os.name: 'Windows 7', os.arch: 'x86', os.version: '6.1', java.version: '1.8.0_144'
Driver info: driver.version: unknown
	at io.appium.java_client.pagefactory.AppiumElementLocator.findElement(AppiumElementLocator.java:110)
	at io.appium.java_client.pagefactory.interceptors.InterceptorOfASingleElement.intercept(InterceptorOfASingleElement.java:57)
	at io.appium.java_client.android.AndroidElement$$EnhancerByCGLIB$$c0b591f0.sendKeys(<generated>)
	at mBankingBaseFactory.AppiumController.sendText(AppiumController.java:918)
	at mBankingPageObjectFactory.LoginPage.loginApp(LoginPage.java:61)
	at mBankingTestPages.AddBankTest.AddBankValid(AddBankTest.java:23)
	at sun.reflect.NativeMethodAccessorImpl.invoke0(Native Method)
	at sun.reflect.NativeMethodAccessorImpl.invoke(Unknown Source)
	at sun.reflect.DelegatingMethodAccessorImpl.invoke(Unknown Source)
	at java.lang.reflect.Method.invoke(Unknown Source)
	at org.testng.internal.MethodInvocationHelper.invokeMethod(MethodInvocationHelper.java:86)
	at org.testng.internal.Invoker.invokeMethod(Invoker.java:643)
	at org.testng.internal.Invoker.invokeTestMethod(Invoker.java:820)
	at org.testng.internal.Invoker.invokeTestMethods(Invoker.java:1128)
	at org.testng.internal.TestMethodWorker.invokeTestMethods(TestMethodWorker.java:129)
	at org.testng.internal.TestMethodWorker.run(TestMethodWorker.java:112)
	at org.testng.TestRunner.privateRun(TestRunner.java:782)
	at org.testng.TestRunner.run(TestRunner.java:632)
	at org.testng.SuiteRunner.runTest(SuiteRunner.java:366)
	at org.testng.SuiteRunner.runSequentially(SuiteRunner.java:361)
	at org.testng.SuiteRunner.privateRun(SuiteRunner.java:319)
	at org.testng.SuiteRunner.run(SuiteRunner.java:268)
	at org.testng.SuiteRunnerWorker.runSuite(SuiteRunnerWorker.java:52)
	at org.testng.SuiteRunnerWorker.run(SuiteRunnerWorker.java:86)
	at org.testng.TestNG.runSuitesSequentially(TestNG.java:1244)
	at org.testng.TestNG.runSuitesLocally(TestNG.java:1169)
	at org.testng.TestNG.run(TestNG.java:1064)
	at org.testng.remote.AbstractRemoteTestNG.run(AbstractRemoteTestNG.java:114)
	at org.testng.remote.RemoteTestNG.initAndRun(RemoteTestNG.java:251)
	at org.testng.remote.RemoteTestNG.main(RemoteTestNG.java:77)
]]>
            </full-stacktrace>
          </exception> <!-- org.openqa.selenium.NoSuchElementException -->
          <reporter-output>
          </reporter-output>
        </test-method> <!-- AddBankValid -->
        <test-method status="PASS" signature="extentGetResult(org.testng.ITestResult)[pri:0, instance:mBankingTestPages.AddBankTest@129cf23]" name="extentGetResult" is-config="true" duration-ms="3244" started-at="2018-05-09T19:04:39Z" finished-at="2018-05-09T19:04:43Z">
          <params>
            <param index="0">
              <value>
                <![CDATA[[TestResult name=AddBankValid status=FAILURE method=AddBankTest.AddBankValid()[pri:3, instance:mBankingTestPages.AddBankTest@129cf23] output={null}]]]>
              </value>
            </param>
          </params>
          <reporter-output>
          </reporter-output>
        </test-method> <!-- extentGetResult -->
        <test-method status="PASS" signature="appExit()[pri:0, instance:mBankingTestPages.AddBankTest@129cf23]" name="appExit" is-config="true" duration-ms="2648" started-at="2018-05-09T19:04:43Z" finished-at="2018-05-09T19:04:45Z">
          <reporter-output>
          </reporter-output>
        </test-method> <!-- appExit -->
        <test-method status="PASS" signature="tearDown()[pri:0, instance:mBankingTestPages.AddBankTest@129cf23]" name="tearDown" is-config="true" duration-ms="454" started-at="2018-05-09T19:04:45Z" finished-at="2018-05-09T19:04:46Z">
          <reporter-output>
          </reporter-output>
        </test-method> <!-- tearDown -->
      </class> <!-- mBankingTestPages.AddBankTest -->
    </test> <!-- Default test -->
  </suite> <!-- Default suite -->
</testng-results>
